<?xml version="1.0" encoding="UTF-8"?>
<!-- Generated by org.testng.reporters.JUnitReportReporter -->
<testsuite skipped="0" hostname="DESKTOP-6SGILJT" name="com.TestNG.Priority_Testcase" tests="3" failures="0" timestamp="8 Jun 2020 11:02:00 GMT" time="0.470" errors="0">
  <testcase name="testcase1" time="0.036" classname="com.TestNG.Priority_Testcase"/>
  <testcase name="testcase2" time="0.038" classname="com.TestNG.Priority_Testcase"/>
  <testcase name="testcase3" time="0.396" classname="com.TestNG.Priority_Testcase"/>
</testsuite> <!-- com.TestNG.Priority_Testcase -->
