<?xml version="1.0" encoding="UTF-8"?>
<!-- Generated by org.testng.reporters.JUnitReportReporter -->
<testsuite skipped="0" hostname="DESKTOP-6SGILJT" name="com.testcase.MouseHandling" tests="1" failures="0" timestamp="9 Jun 2020 10:48:38 GMT" time="41.325" errors="0">
  <testcase name="demo" time="41.325" classname="com.testcase.MouseHandling"/>
</testsuite> <!-- com.testcase.MouseHandling -->
