<?xml version="1.0" encoding="UTF-8"?>
<!-- Generated by org.testng.reporters.JUnitReportReporter -->
<testsuite skipped="0" hostname="DESKTOP-6SGILJT" name="com.testcase.Facebook_LoginTestcase" tests="1" failures="0" timestamp="10 Jun 2020 12:48:33 GMT" time="3.697" errors="0">
  <testcase name="login" time="3.697" classname="com.testcase.Facebook_LoginTestcase"/>
</testsuite> <!-- com.testcase.Facebook_LoginTestcase -->
