<?xml version="1.0" encoding="UTF-8"?>
<!-- Generated by org.testng.reporters.JUnitReportReporter -->
<testsuite skipped="0" hostname="DESKTOP-6SGILJT" name="com.testcase.KeyboardHandling" tests="1" failures="0" timestamp="9 Jun 2020 11:17:09 GMT" time="38.953" errors="0">
  <testcase name="demo" time="38.953" classname="com.testcase.KeyboardHandling"/>
</testsuite> <!-- com.testcase.KeyboardHandling -->
